
> server@0.0.0 test
> vitest


[7m[1m[34m DEV [39m[22m[27m [34mv1.6.1[39m [90mC:/techtroop/logs-triage[39m

 [33mâ¯[39m src/tests/agent/agent.test.ts [2m ([22m[2m0 test[22m[2m)[22m
 [32mâœ“[39m src/tests/tools/createTicket.test.ts [2m ([22m[2m17 tests[22m[2m)[22m[90m 6[2mms[22m[39m
 [32mâœ“[39m src/tests/tools/searchLogs.test.ts [2m ([22m[2m14 tests[22m[2m)[22m[90m 6[2mms[22m[39m
 [33mâ¯[39m src/tests/tools/checkRecentChanges.test.ts [2m ([22m[2m13 tests[22m [2m|[22m [31m2 failed[39m[2m)[22m[90m 14[2mms[22m[39m
[31m   [33mâ¯[31m src/tests/tools/checkRecentChanges.test.ts[2m > [22mcheckRecentChanges[2m > [22mshould correlate errors with recent changes[39m
[31m     â†’ expected 0 to be greater than 0[39m
[31m   [33mâ¯[31m src/tests/tools/checkRecentChanges.test.ts[2m > [22msuggestCorrelation[2m > [22mshould return empty suggestions for no errors[39m
[31m     â†’ expected [ â€¦(2) ] to have a length of +0 but got 2[39m

[31mâ¯â¯â¯â¯â¯â¯[1m[7m Failed Suites 1 [27m[22mâ¯â¯â¯â¯â¯â¯â¯[39m

[31m[1m[7m FAIL [27m[22m[39m src/tests/agent/agent.test.ts [2m[ src/tests/agent/agent.test.ts ][22m
[31m[1mError[22m: Failed to load url ../../agent.js (resolved id: ../../agent.js) in C:/techtroop/logs-triage/src/tests/agent/agent.test.ts. Does the file exist?[39m
[90m [2mâ¯[22m loadAndTransform node_modules/vite/dist/node/chunks/dep-BK3b2jBa.js:[2m51969:17[22m[39m

[31m[2mâ¯â¯â¯â¯â¯â¯â¯â¯â¯â¯â¯â¯â¯â¯â¯â¯â¯â¯â¯â¯â¯â¯â¯â¯[1/3]â¯[22m[39m

[31mâ¯â¯â¯â¯â¯â¯â¯[1m[7m Failed Tests 2 [27m[22mâ¯â¯â¯â¯â¯â¯â¯[39m

[31m[1m[7m FAIL [27m[22m[39m src/tests/tools/checkRecentChanges.test.ts[2m > [22mcheckRecentChanges[2m > [22mshould correlate errors with recent changes
[31m[1mAssertionError[22m: expected 0 to be greater than 0[39m
[36m [2mâ¯[22m src/tests/tools/checkRecentChanges.test.ts:[2m74:44[22m[39m
    [90m 72| [39m    [35mconst[39m result [33m=[39m [34mcheckRecentChanges[39m(mockChanges[33m,[39m mockLogs)[33m;[39m
    [90m 73| [39m
    [90m 74| [39m    [34mexpect[39m(result[33m.[39mcorrelatedErrors[33m.[39mlength)[33m.[39m[34mtoBeGreaterThan[39m([34m0[39m)[33m;[39m
    [90m   | [39m                                           [31m^[39m
    [90m 75| [39m    [34mexpect[39m(result[33m.[39mcorrelatedErrors[33m.[39m[34mevery[39m((e) [33m=>[39m e[33m.[39mlevel [33m===[39m [32m'ERROR'[39m))[33m.[39mâ€¦
    [90m 76| [39m  })[33m;[39m

[31m[2mâ¯â¯â¯â¯â¯â¯â¯â¯â¯â¯â¯â¯â¯â¯â¯â¯â¯â¯â¯â¯â¯â¯â¯â¯[2/3]â¯[22m[39m

[31m[1m[7m FAIL [27m[22m[39m src/tests/tools/checkRecentChanges.test.ts[2m > [22msuggestCorrelation[2m > [22mshould return empty suggestions for no errors
[31m[1mAssertionError[22m: expected [ â€¦(2) ] to have a length of +0 but got 2[39m

[32m- Expected[39m
[31m+ Received[39m

[32m- 0[39m
[31m+ 2[39m

[36m [2mâ¯[22m src/tests/tools/checkRecentChanges.test.ts:[2m168:25[22m[39m
    [90m166| [39m    [35mconst[39m suggestions [33m=[39m [34msuggestCorrelation[39m(mockChanges[33m,[39m infoLogs)[33m;[39m
    [90m167| [39m
    [90m168| [39m    [34mexpect[39m(suggestions)[33m.[39m[34mtoHaveLength[39m([34m0[39m)[33m;[39m
    [90m   | [39m                        [31m^[39m
    [90m169| [39m  })[33m;[39m
    [90m170| [39m})[33m;[39m

[31m[2mâ¯â¯â¯â¯â¯â¯â¯â¯â¯â¯â¯â¯â¯â¯â¯â¯â¯â¯â¯â¯â¯â¯â¯â¯[3/3]â¯[22m[39m

[2m Test Files [22m [1m[31m2 failed[39m[22m[2m | [22m[1m[32m2 passed[39m[22m[90m (4)[39m
[2m      Tests [22m [1m[31m2 failed[39m[22m[2m | [22m[1m[32m42 passed[39m[22m[90m (44)[39m
[2m   Start at [22m 23:57:00
[2m   Duration [22m 445ms[2m (transform 159ms, setup 110ms, collect 159ms, tests 26ms, environment 1ms, prepare 595ms)[22m


[1m[7m[31m FAIL [39m[27m[22m[31m Tests failed. Watching for file changes...[39m
       [2mpress [22m[1mh[22m[2m to show help[22m[2m, [22m[2mpress [22m[1mq[22m[2m to quit[22m
